This is pdfTeX, Version 3.1415926-2.5-1.40.14 (TeX Live 2013) (format=pdflatex 2013.5.30)  14 FEB 2014 10:53
entering extended mode
 restricted \write18 enabled.
 %&-line parsing enabled.
**kat.tex
(./kat.tex
LaTeX2e <2011/06/27>
Babel <3.9f> and hyphenation patterns for 78 languages loaded.
(/usr/local/texlive/2013/texmf-dist/tex/latex/base/report.cls
Document Class: report 2007/10/19 v1.4h Standard LaTeX document class
(/usr/local/texlive/2013/texmf-dist/tex/latex/base/size12.clo
File: size12.clo 2007/10/19 v1.4h Standard LaTeX file (size option)
)
\c@part=\count79
\c@chapter=\count80
\c@section=\count81
\c@subsection=\count82
\c@subsubsection=\count83
\c@paragraph=\count84
\c@subparagraph=\count85
\c@figure=\count86
\c@table=\count87
\abovecaptionskip=\skip41
\belowcaptionskip=\skip42
\bibindent=\dimen102
)
(/usr/local/texlive/2013/texmf-dist/tex/latex/amsfonts/amsfonts.sty
Package: amsfonts 2013/01/14 v3.01 Basic AMSFonts support
\@emptytoks=\toks14
\symAMSa=\mathgroup4
\symAMSb=\mathgroup5
LaTeX Font Info:    Overwriting math alphabet `\mathfrak' in version `bold'
(Font)                  U/euf/m/n --> U/euf/b/n on input line 106.
)
(/usr/local/texlive/2013/texmf-dist/tex/latex/graphics/graphicx.sty
Package: graphicx 1999/02/16 v1.0f Enhanced LaTeX Graphics (DPC,SPQR)

(/usr/local/texlive/2013/texmf-dist/tex/latex/graphics/keyval.sty
Package: keyval 1999/03/16 v1.13 key=value parser (DPC)
\KV@toks@=\toks15
)
(/usr/local/texlive/2013/texmf-dist/tex/latex/graphics/graphics.sty
Package: graphics 2009/02/05 v1.0o Standard LaTeX Graphics (DPC,SPQR)

(/usr/local/texlive/2013/texmf-dist/tex/latex/graphics/trig.sty
Package: trig 1999/03/16 v1.09 sin cos tan (DPC)
)
(/usr/local/texlive/2013/texmf-dist/tex/latex/latexconfig/graphics.cfg
File: graphics.cfg 2010/04/23 v1.9 graphics configuration of TeX Live
)
Package graphics Info: Driver file: pdftex.def on input line 91.

(/usr/local/texlive/2013/texmf-dist/tex/latex/pdftex-def/pdftex.def
File: pdftex.def 2011/05/27 v0.06d Graphics/color for pdfTeX

(/usr/local/texlive/2013/texmf-dist/tex/generic/oberdiek/infwarerr.sty
Package: infwarerr 2010/04/08 v1.3 Providing info/warning/error messages (HO)
)
(/usr/local/texlive/2013/texmf-dist/tex/generic/oberdiek/ltxcmds.sty
Package: ltxcmds 2011/11/09 v1.22 LaTeX kernel commands for general use (HO)
)
\Gread@gobject=\count88
))
\Gin@req@height=\dimen103
\Gin@req@width=\dimen104
)
(/usr/local/texlive/2013/texmf-dist/tex/latex/listings/listings.sty
\lst@mode=\count89
\lst@gtempboxa=\box26
\lst@token=\toks16
\lst@length=\count90
\lst@currlwidth=\dimen105
\lst@column=\count91
\lst@pos=\count92
\lst@lostspace=\dimen106
\lst@width=\dimen107
\lst@newlines=\count93
\lst@lineno=\count94
\lst@maxwidth=\dimen108

(/usr/local/texlive/2013/texmf-dist/tex/latex/listings/lstmisc.sty
File: lstmisc.sty 2007/02/22 1.4 (Carsten Heinz)
\c@lstnumber=\count95
\lst@skipnumbers=\count96
\lst@framebox=\box27
)
(/usr/local/texlive/2013/texmf-dist/tex/latex/listings/listings.cfg
File: listings.cfg 2007/02/22 1.4 listings configuration
))
Package: listings 2007/02/22 1.4 (Carsten Heinz)

(./kat.aux)
\openout1 = `kat.aux'.

LaTeX Font Info:    Checking defaults for OML/cmm/m/it on input line 11.
LaTeX Font Info:    ... okay on input line 11.
LaTeX Font Info:    Checking defaults for T1/cmr/m/n on input line 11.
LaTeX Font Info:    ... okay on input line 11.
LaTeX Font Info:    Checking defaults for OT1/cmr/m/n on input line 11.
LaTeX Font Info:    ... okay on input line 11.
LaTeX Font Info:    Checking defaults for OMS/cmsy/m/n on input line 11.
LaTeX Font Info:    ... okay on input line 11.
LaTeX Font Info:    Checking defaults for OMX/cmex/m/n on input line 11.
LaTeX Font Info:    ... okay on input line 11.
LaTeX Font Info:    Checking defaults for U/cmr/m/n on input line 11.
LaTeX Font Info:    ... okay on input line 11.
 (/usr/local/texlive/2013/texmf-dist/tex/context/base/supp-pdf.mkii
[Loading MPS to PDF converter (version 2006.09.02).]
\scratchcounter=\count97
\scratchdimen=\dimen109
\scratchbox=\box28
\nofMPsegments=\count98
\nofMParguments=\count99
\everyMPshowfont=\toks17
\MPscratchCnt=\count100
\MPscratchDim=\dimen110
\MPnumerator=\count101
\makeMPintoPDFobject=\count102
\everyMPtoPDFconversion=\toks18
) (/usr/local/texlive/2013/texmf-dist/tex/generic/oberdiek/pdftexcmds.sty
Package: pdftexcmds 2011/11/29 v0.20 Utility functions of pdfTeX for LuaTeX (HO
)

(/usr/local/texlive/2013/texmf-dist/tex/generic/oberdiek/ifluatex.sty
Package: ifluatex 2010/03/01 v1.3 Provides the ifluatex switch (HO)
Package ifluatex Info: LuaTeX not detected.
)
(/usr/local/texlive/2013/texmf-dist/tex/generic/oberdiek/ifpdf.sty
Package: ifpdf 2011/01/30 v2.3 Provides the ifpdf switch (HO)
Package ifpdf Info: pdfTeX in PDF mode is detected.
)
Package pdftexcmds Info: LuaTeX not detected.
Package pdftexcmds Info: \pdf@primitive is available.
Package pdftexcmds Info: \pdf@ifprimitive is available.
Package pdftexcmds Info: \pdfdraftmode found.
)
(/usr/local/texlive/2013/texmf-dist/tex/latex/oberdiek/epstopdf-base.sty
Package: epstopdf-base 2010/02/09 v2.5 Base part for package epstopdf

(/usr/local/texlive/2013/texmf-dist/tex/latex/oberdiek/grfext.sty
Package: grfext 2010/08/19 v1.1 Manage graphics extensions (HO)

(/usr/local/texlive/2013/texmf-dist/tex/generic/oberdiek/kvdefinekeys.sty
Package: kvdefinekeys 2011/04/07 v1.3 Define keys (HO)
))
(/usr/local/texlive/2013/texmf-dist/tex/latex/oberdiek/kvoptions.sty
Package: kvoptions 2011/06/30 v3.11 Key value format for package options (HO)

(/usr/local/texlive/2013/texmf-dist/tex/generic/oberdiek/kvsetkeys.sty
Package: kvsetkeys 2012/04/25 v1.16 Key value parser (HO)

(/usr/local/texlive/2013/texmf-dist/tex/generic/oberdiek/etexcmds.sty
Package: etexcmds 2011/02/16 v1.5 Avoid name clashes with e-TeX commands (HO)
Package etexcmds Info: Could not find \expanded.
(etexcmds)             That can mean that you are not using pdfTeX 1.50 or
(etexcmds)             that some package has redefined \expanded.
(etexcmds)             In the latter case, load this package earlier.
)))
Package grfext Info: Graphics extension search list:
(grfext)             [.png,.pdf,.jpg,.mps,.jpeg,.jbig2,.jb2,.PNG,.PDF,.JPG,.JPE
G,.JBIG2,.JB2,.eps]
(grfext)             \AppendGraphicsExtensions on input line 452.

(/usr/local/texlive/2013/texmf-dist/tex/latex/latexconfig/epstopdf-sys.cfg
File: epstopdf-sys.cfg 2010/07/13 v1.3 Configuration of (r)epstopdf for TeX Liv
e
))
\c@lstlisting=\count103
LaTeX Font Info:    Try loading font information for U+msa on input line 14.

(/usr/local/texlive/2013/texmf-dist/tex/latex/amsfonts/umsa.fd
File: umsa.fd 2013/01/14 v3.01 AMS symbols A
)
LaTeX Font Info:    Try loading font information for U+msb on input line 14.

(/usr/local/texlive/2013/texmf-dist/tex/latex/amsfonts/umsb.fd
File: umsb.fd 2013/01/14 v3.01 AMS symbols B
) [1

{/usr/local/texlive/2013/texmf-var/fonts/map/pdftex/updmap/pdftex.map}] (./kat.
toc)
\tf@toc=\write3
\openout3 = `kat.toc'.

 [2

]
Chapter 1.
[3

] <brat.png, id=15, 481.8pt x 361.35pt>
File: brat.png Graphic file (type png)
 <use brat.png>
Package pdftex.def Info: brat.png used on input line 60.
(pdftex.def)             Requested size: 267.39877pt x 200.55162pt.
LaTeX Font Info:    Try loading font information for OMS+cmr on input line 67.

(/usr/local/texlive/2013/texmf-dist/tex/latex/base/omscmr.fd
File: omscmr.fd 1999/05/25 v2.5h Standard LaTeX font definitions
)
LaTeX Font Info:    Font shape `OMS/cmr/m/n' in size <12> not available
(Font)              Font shape `OMS/cmsy/m/n' tried instead on input line 67.

<brat-text-span.png, id=17, 803.0pt x 224.84pt>
File: brat-text-span.png Graphic file (type png)
 <use brat-text-span.png>
Package pdftex.def Info: brat-text-span.png used on input line 68.
(pdftex.def)             Requested size: 252.94499pt x 70.82497pt.

[4 <./brat.png>] <brat-relation.png, id=26, 602.25pt x 162.6075pt>
File: brat-relation.png Graphic file (type png)

<use brat-relation.png>
Package pdftex.def Info: brat-relation.png used on input line 71.
(pdftex.def)             Requested size: 252.94499pt x 68.29468pt.
 <brat-search.png, id=27, 381.67593pt x 313.17pt>
File: brat-search.png Graphic file (type png)

<use brat-search.png>
Package pdftex.def Info: brat-search.png used on input line 74.
(pdftex.def)             Requested size: 252.94499pt x 207.54341pt.
 [5 <./brat-text-span.png> <./brat-relation.png> <./brat-search.png>]
Underfull \hbox (badness 10000) in paragraph at lines 84--85

 []

<yawas.jpg, id=34, 265.74281pt x 237.88875pt>
File: yawas.jpg Graphic file (type jpg)
 <use yawas.jpg>
Package pdftex.def Info: yawas.jpg used on input line 86.
(pdftex.def)             Requested size: 180.67499pt x 161.74042pt.
 [6 <./yawas.jpg>] [7]
Chapter 2.
[8

]
Underfull \hbox (badness 10000) in paragraph at lines 147--150

 []

[9] <annotate.png, id=49, 538.01pt x 214.8025pt>
File: annotate.png Graphic file (type png)
 <use annotate.png>
Package pdftex.def Info: annotate.png used on input line 188.
(pdftex.def)             Requested size: 180.67499pt x 72.1338pt.
 [10 <./annotate.png>] <add-symbol.png, id=55, 584.1825pt x 473.77pt>
File: add-symbol.png Graphic file (type png)
 <use add-symbol.png>
Package pdftex.def Info: add-symbol.png used on input line 199.
(pdftex.def)             Requested size: 180.67499pt x 146.5274pt.
Missing character: There is no â in font cmr12!
Missing character: There is no € in font cmr12!
Missing character: There is no ™ in font cmr12!

<add-definition.png, id=56, 586.19pt x 526.96875pt>
File: add-definition.png Graphic file (type png)
 <use add-definition.png>
Package pdftex.def Info: add-definition.png used on input line 219.
(pdftex.def)             Requested size: 180.67499pt x 162.41783pt.

Underfull \hbox (badness 10000) in paragraph at lines 226--229

 []

[11 <./add-symbol.png> <./add-definition.png>]
Underfull \hbox (badness 10000) in paragraph at lines 230--231

 []

<suscipit.png, id=62, 280.04625pt x 191.71625pt>
File: suscipit.png Graphic file (type png)
 <use suscipit.png>
Package pdftex.def Info: suscipit.png used on input line 241.
(pdftex.def)             Requested size: 144.54pt x 98.9529pt.

<definition.png, id=63, 456.70625pt x 305.14pt>
File: definition.png Graphic file (type png)
 <use definition.png>
Package pdftex.def Info: definition.png used on input line 241.
(pdftex.def)             Requested size: 216.81pt x 144.85452pt.

<review.png, id=64, 896.85063pt x 382.93062pt>
File: review.png Graphic file (type png)
 <use review.png>
Package pdftex.def Info: review.png used on input line 251.
(pdftex.def)             Requested size: 361.34999pt x 154.28554pt.
 [12 <./suscipit.png> <./definition.png>] [13 <./review.png>]
Appendix A.

Overfull \hbox (21.59435pt too wide) in paragraph at lines 280--281
[]\OT1/cmr/m/n/12 You will find a proof of con-cept demo at http://localhost/ka
tInstallDir/test. 
 []


Overfull \hbox (58.39764pt too wide) in paragraph at lines 373--373
[]\OT1/cmtt/m/n/10.95 <?xml version="1.0" encoding="UTF-8"?><!-- A KAT annotati
ons specification for[] 
 []


Overfull \hbox (46.90027pt too wide) in paragraph at lines 373--373
[]\OT1/cmtt/m/n/10.95 OMDoc annotations copyright 2013 Michael Kohlhase release
d under the GPL -->[] 
 []


Overfull \hbox (23.90552pt too wide) in paragraph at lines 373--373
[]    \OT1/cmtt/m/n/10.95 The OMDoc ontology is a flexiformal data model for ma
theamtical (and[] 
 []

[14

]
Overfull \hbox (81.3924pt too wide) in paragraph at lines 373--373
[]             \OT1/cmtt/m/n/10.95 <rdf:type rdf:resource="http://omdoc.org/ont
ology#Symbol"></rdf:type>[] 
 []

[15]
Overfull \hbox (75.6437pt too wide) in paragraph at lines 373--373
[]            \OT1/cmtt/m/n/10.95 <rdf:type rdf:resource="http://omdoc.org/onto
logy#GeneralDefinition">[] 
 []

LaTeX Font Info:    Font shape `OMS/cmr/m/n' in size <10.95> not available
(Font)              Font shape `OMS/cmsy/m/n' tried instead on input line 379.

Overfull \hbox (49.96338pt too wide) in paragraph at lines 387--409
[][] 
 []

[16]
Overfull \vbox (7.67987pt too high) has occurred while \output is active []


[17]
Overfull \hbox (14.9622pt too wide) in paragraph at lines 430--430
[]\OT1/cmr/m/it/10.95 kat.remote.CoreTexAnnotationInserter| 
 []


Overfull \hbox (19.68884pt too wide) in paragraph at lines 431--431
[]\OT1/cmr/m/it/10.95 kat.remote.CoreTeXAnnotationReceiver| 
 []


Overfull \hbox (49.96338pt too wide) in paragraph at lines 410--434
[][] 
 []

[18] (./kat.aux) ) 
Here is how much of TeX's memory you used:
 2884 strings out of 493315
 42033 string characters out of 6137904
 109192 words of memory out of 5000000
 6294 multiletter control sequences out of 15000+600000
 16730 words of font info for 64 fonts, out of 8000000 for 9000
 957 hyphenation exceptions out of 8191
 38i,8n,32p,288b,258s stack positions out of 5000i,500n,10000p,200000b,80000s
</usr/local/texlive/2013/texmf-dist/fonts/type1/public/amsfon
ts/cm/cmbx10.pfb></usr/local/texlive/2013/texmf-dist/fonts/type1/public/amsfont
s/cm/cmbx12.pfb></usr/local/texlive/2013/texmf-dist/fonts/type1/public/amsfonts
/cm/cmr10.pfb></usr/local/texlive/2013/texmf-dist/fonts/type1/public/amsfonts/c
m/cmr12.pfb></usr/local/texlive/2013/texmf-dist/fonts/type1/public/amsfonts/cm/
cmr17.pfb></usr/local/texlive/2013/texmf-dist/fonts/type1/public/amsfonts/cm/cm
r6.pfb></usr/local/texlive/2013/texmf-dist/fonts/type1/public/amsfonts/cm/cmr7.
pfb></usr/local/texlive/2013/texmf-dist/fonts/type1/public/amsfonts/cm/cmr8.pfb
></usr/local/texlive/2013/texmf-dist/fonts/type1/public/amsfonts/cm/cmsy10.pfb>
</usr/local/texlive/2013/texmf-dist/fonts/type1/public/amsfonts/cm/cmti10.pfb><
/usr/local/texlive/2013/texmf-dist/fonts/type1/public/amsfonts/cm/cmti12.pfb></
usr/local/texlive/2013/texmf-dist/fonts/type1/public/amsfonts/cm/cmtt10.pfb>
Output written on kat.pdf (18 pages, 589650 bytes).
PDF statistics:
 131 PDF objects out of 1000 (max. 8388607)
 78 compressed objects within 1 object stream
 0 named destinations out of 1000 (max. 500000)
 56 words of extra memory for PDF output out of 10000 (max. 10000000)

